<?xml version="1.0" encoding="UTF-8"?>
<!-- Generated by org.testng.reporters.JUnitReportReporter -->
<testsuite hostname="DESKTOP-O4IR3OC" name="Shopping.Shopping.ShoppingorderTest" tests="1" failures="0" timestamp="7 Sep 2022 13:19:39 GMT" time="33.304" errors="0">
  <testcase name="orderstatusverify" time="33.304" classname="Shopping.Shopping.ShoppingorderTest"/>
</testsuite> <!-- Shopping.Shopping.ShoppingorderTest -->
